<?xml version="1.0" encoding="UTF-8"?>
<TestRun id="be753b7a-0e4e-4ba3-92bc-badfb10678e1" name="Ryan@RYAN-PC 2010-07-13 22:28:56" runUser="Ryan-PC\Ryan" xmlns="http://microsoft.com/schemas/VisualStudio/TeamTest/2006">
  <TestRunConfiguration name="Local Test Run" id="c2662d0b-84f4-491d-9f5c-5f69d0445cbc">
    <Description>This is a default test run configuration for a local test run.</Description>
    <Deployment runDeploymentRoot="C:\Repositories\QuickBooks\trunk\TestResults\Ryan_RYAN-PC 2010-07-13 22_28_56">
      <DeploymentItem filename="C:\Repositories\QuickBooks\QuickBooks.Test\ThirdParty\Moq.dll" />
      <DeploymentItem filename="C:\Repositories\QuickBooks\trunk\bin\Release\QuickBooks.exe" />
    </Deployment>
    <TestTypeSpecific />
  </TestRunConfiguration>
  <ResultSummary outcome="Completed">
    <Counters total="1" executed="1" passed="1" error="0" failed="0" timeout="0" aborted="0" inconclusive="0" passedButRunAborted="0" notRunnable="0" notExecuted="0" disconnected="0" warning="0" completed="0" inProgress="0" pending="0" />
  </ResultSummary>
  <Times creation="2010-07-13T22:28:56.8920000-05:00" queuing="2010-07-13T22:28:59.9890000-05:00" start="2010-07-13T22:29:00.4780000-05:00" finish="2010-07-13T22:29:53.6110000-05:00" />
  <TestDefinitions>
    <UnitTest name="SaveInvoice_NewCustomer" storage="c:\repositories\quickbooks\quickbooks.test\bin\release\quickbooks.test.dll" id="6e892725-c2bf-e937-2821-ee80b41fdef4">
      <Css projectStructure="" iteration="" />
      <Owners>
        <Owner name="" />
      </Owners>
      <Execution id="a7c3b7b2-5d7d-4425-a84a-7927af6c20ef" />
      <TestMethod codeBase="C:\Repositories\QuickBooks\QuickBooks.Test\bin\Release\QuickBooks.Test.dll" adapterTypeName="Microsoft.VisualStudio.TestTools.TestTypes.Unit.UnitTestAdapter, Microsoft.VisualStudio.QualityTools.Tips.UnitTest.Adapter, Version=9.0.0.0, Culture=neutral, PublicKeyToken=b03f5f7f11d50a3a" className="QuickBooks.Test.QBRepositoryTest, QuickBooks.Test" name="SaveInvoice_NewCustomer" />
    </UnitTest>
  </TestDefinitions>
  <TestLists>
    <TestList name="Results Not in a List" id="8c84fa94-04c1-424b-9868-57a2d4851a1d" />
    <TestList name="All Loaded Results" id="19431567-8539-422a-85d7-44ee4e166bda" />
  </TestLists>
  <TestEntries>
    <TestEntry testId="6e892725-c2bf-e937-2821-ee80b41fdef4" executionId="a7c3b7b2-5d7d-4425-a84a-7927af6c20ef" testListId="8c84fa94-04c1-424b-9868-57a2d4851a1d" />
  </TestEntries>
  <Results>
    <UnitTestResult executionId="a7c3b7b2-5d7d-4425-a84a-7927af6c20ef" testId="6e892725-c2bf-e937-2821-ee80b41fdef4" testName="SaveInvoice_NewCustomer" computerName="RYAN-PC" duration="00:00:51.7206559" startTime="2010-07-13T22:29:00.7270000-05:00" endTime="2010-07-13T22:29:53.4930000-05:00" testType="13cdc9d9-ddb5-4fa4-a97d-d965ccfc6d4b" outcome="Passed" testListId="8c84fa94-04c1-424b-9868-57a2d4851a1d">
      <Output>
      </Output>
    </UnitTestResult>
  </Results>
</TestRun>