<?xml version="1.0" encoding="UTF-8"?>
<TestRun id="480abff0-c2d6-46e7-b7dd-bf7c6eb876e4" name="Ryan@RYAN-PC 2010-07-13 19:49:20" runUser="Ryan-PC\Ryan" xmlns="http://microsoft.com/schemas/VisualStudio/TeamTest/2006">
  <TestRunConfiguration name="Local Test Run" id="c2662d0b-84f4-491d-9f5c-5f69d0445cbc">
    <Description>This is a default test run configuration for a local test run.</Description>
    <Deployment runDeploymentRoot="C:\Repositories\QuickBooks\trunk\TestResults\Ryan_RYAN-PC 2010-07-13 19_49_20">
      <DeploymentItem filename="C:\Repositories\QuickBooks\QuickBooks.Test\ThirdParty\Moq.dll" />
      <DeploymentItem filename="C:\Repositories\QuickBooks\trunk\bin\Release\QuickBooks.exe" />
    </Deployment>
    <TestTypeSpecific />
  </TestRunConfiguration>
  <ResultSummary outcome="Failed">
    <Counters total="1" executed="1" error="0" failed="1" timeout="0" aborted="0" inconclusive="0" passedButRunAborted="0" notRunnable="0" notExecuted="0" disconnected="0" warning="0" passed="0" completed="0" inProgress="0" pending="0" />
  </ResultSummary>
  <Times creation="2010-07-13T19:49:20.3990000-05:00" queuing="2010-07-13T19:49:23.3090000-05:00" start="2010-07-13T19:49:23.8120000-05:00" finish="2010-07-13T19:51:15.0330000-05:00" />
  <TestDefinitions>
    <UnitTest name="ModifyCustomer" storage="c:\repositories\quickbooks\quickbooks.test\bin\release\quickbooks.test.dll" id="bd747fe9-3b54-2816-c073-411b772c5909">
      <Css projectStructure="" iteration="" />
      <Owners>
        <Owner name="" />
      </Owners>
      <Execution id="313e7c6b-c859-4742-b069-9264054795e8" />
      <TestMethod codeBase="C:\Repositories\QuickBooks\QuickBooks.Test\bin\Release\QuickBooks.Test.dll" adapterTypeName="Microsoft.VisualStudio.TestTools.TestTypes.Unit.UnitTestAdapter, Microsoft.VisualStudio.QualityTools.Tips.UnitTest.Adapter, Version=9.0.0.0, Culture=neutral, PublicKeyToken=b03f5f7f11d50a3a" className="QuickBooks.Test.QBRepositoryTest, QuickBooks.Test" name="ModifyCustomer" />
    </UnitTest>
  </TestDefinitions>
  <TestLists>
    <TestList name="Results Not in a List" id="8c84fa94-04c1-424b-9868-57a2d4851a1d" />
    <TestList name="All Loaded Results" id="19431567-8539-422a-85d7-44ee4e166bda" />
  </TestLists>
  <TestEntries>
    <TestEntry testId="bd747fe9-3b54-2816-c073-411b772c5909" executionId="313e7c6b-c859-4742-b069-9264054795e8" testListId="8c84fa94-04c1-424b-9868-57a2d4851a1d" />
  </TestEntries>
  <Results>
    <UnitTestResult executionId="313e7c6b-c859-4742-b069-9264054795e8" testId="bd747fe9-3b54-2816-c073-411b772c5909" testName="ModifyCustomer" computerName="RYAN-PC" duration="00:01:49.8084417" startTime="2010-07-13T19:49:24.0000000-05:00" endTime="2010-07-13T19:51:14.8850000-05:00" testType="13cdc9d9-ddb5-4fa4-a97d-d965ccfc6d4b" outcome="Failed" testListId="8c84fa94-04c1-424b-9868-57a2d4851a1d">
      <Output>
        <ErrorInfo>
          <Message>Assert.IsTrue failed. </Message>
          <StackTrace>   at QuickBooks.Test.QBRepositoryTest.ModifyCustomer() in C:\Repositories\QuickBooks\QuickBooks.Test\QBRepositoryTests.cs:line 177
</StackTrace>
        </ErrorInfo>
      </Output>
    </UnitTestResult>
  </Results>
</TestRun>