<?xml version="1.0" encoding="UTF-8"?>
<TestRun id="82781f3d-3a66-49a1-ac76-82db6560b846" name="Ryan@RYAN-PC 2010-07-13 20:10:06" runUser="Ryan-PC\Ryan" xmlns="http://microsoft.com/schemas/VisualStudio/TeamTest/2006">
  <TestRunConfiguration name="Local Test Run" id="c2662d0b-84f4-491d-9f5c-5f69d0445cbc">
    <Description>This is a default test run configuration for a local test run.</Description>
    <Deployment runDeploymentRoot="C:\Repositories\QuickBooks\trunk\TestResults\Ryan_RYAN-PC 2010-07-13 20_10_06">
      <DeploymentItem filename="C:\Repositories\QuickBooks\QuickBooks.Test\ThirdParty\Moq.dll" />
      <DeploymentItem filename="C:\Repositories\QuickBooks\trunk\bin\Release\QuickBooks.exe" />
    </Deployment>
    <TestTypeSpecific />
  </TestRunConfiguration>
  <ResultSummary outcome="Completed">
    <Counters total="1" executed="1" passed="1" error="0" failed="0" timeout="0" aborted="0" inconclusive="0" passedButRunAborted="0" notRunnable="0" notExecuted="0" disconnected="0" warning="0" completed="0" inProgress="0" pending="0" />
  </ResultSummary>
  <Times creation="2010-07-13T20:10:06.2380000-05:00" queuing="2010-07-13T20:10:09.5600000-05:00" start="2010-07-13T20:10:10.1470000-05:00" finish="2010-07-13T20:10:46.8960000-05:00" />
  <TestDefinitions>
    <UnitTest name="ModifyCustomerCreditCardInfo" storage="c:\repositories\quickbooks\quickbooks.test\bin\release\quickbooks.test.dll" id="d9cfa34f-fba5-6db3-db9f-04c0a1ef3e99">
      <Css projectStructure="" iteration="" />
      <Owners>
        <Owner name="" />
      </Owners>
      <Execution id="0cfad259-2278-44d1-8c70-429b2f57b522" />
      <TestMethod codeBase="C:\Repositories\QuickBooks\QuickBooks.Test\bin\Release\QuickBooks.Test.dll" adapterTypeName="Microsoft.VisualStudio.TestTools.TestTypes.Unit.UnitTestAdapter, Microsoft.VisualStudio.QualityTools.Tips.UnitTest.Adapter, Version=9.0.0.0, Culture=neutral, PublicKeyToken=b03f5f7f11d50a3a" className="QuickBooks.Test.QBRepositoryTest, QuickBooks.Test" name="ModifyCustomerCreditCardInfo" />
    </UnitTest>
  </TestDefinitions>
  <TestLists>
    <TestList name="Results Not in a List" id="8c84fa94-04c1-424b-9868-57a2d4851a1d" />
    <TestList name="All Loaded Results" id="19431567-8539-422a-85d7-44ee4e166bda" />
  </TestLists>
  <TestEntries>
    <TestEntry testId="d9cfa34f-fba5-6db3-db9f-04c0a1ef3e99" executionId="0cfad259-2278-44d1-8c70-429b2f57b522" testListId="8c84fa94-04c1-424b-9868-57a2d4851a1d" />
  </TestEntries>
  <Results>
    <UnitTestResult executionId="0cfad259-2278-44d1-8c70-429b2f57b522" testId="d9cfa34f-fba5-6db3-db9f-04c0a1ef3e99" testName="ModifyCustomerCreditCardInfo" computerName="RYAN-PC" duration="00:00:35.2234780" startTime="2010-07-13T20:10:10.3320000-05:00" endTime="2010-07-13T20:10:46.7040000-05:00" testType="13cdc9d9-ddb5-4fa4-a97d-d965ccfc6d4b" outcome="Passed" testListId="8c84fa94-04c1-424b-9868-57a2d4851a1d">
      <Output>
      </Output>
    </UnitTestResult>
  </Results>
</TestRun>