<?xml version="1.0" encoding="UTF-8"?>
<TestRun id="da5acd19-3f94-4685-a008-5257e8593bb0" name="Ryan@RYAN-PC 2010-07-13 20:12:52" runUser="Ryan-PC\Ryan" xmlns="http://microsoft.com/schemas/VisualStudio/TeamTest/2006">
  <TestRunConfiguration name="Local Test Run" id="c2662d0b-84f4-491d-9f5c-5f69d0445cbc">
    <Description>This is a default test run configuration for a local test run.</Description>
    <Deployment runDeploymentRoot="C:\Repositories\QuickBooks\trunk\TestResults\Ryan_RYAN-PC 2010-07-13 20_12_52">
      <DeploymentItem filename="C:\Repositories\QuickBooks\QuickBooks.Test\ThirdParty\Moq.dll" />
      <DeploymentItem filename="C:\Repositories\QuickBooks\trunk\bin\Release\QuickBooks.exe" />
    </Deployment>
    <TestTypeSpecific />
  </TestRunConfiguration>
  <ResultSummary outcome="Completed">
    <Counters total="1" executed="1" passed="1" error="0" failed="0" timeout="0" aborted="0" inconclusive="0" passedButRunAborted="0" notRunnable="0" notExecuted="0" disconnected="0" warning="0" completed="0" inProgress="0" pending="0" />
  </ResultSummary>
  <Times creation="2010-07-13T20:12:52.6440000-05:00" queuing="2010-07-13T20:12:55.6590000-05:00" start="2010-07-13T20:12:56.1020000-05:00" finish="2010-07-13T20:14:42.2430000-05:00" />
  <TestDefinitions>
    <UnitTest name="AddCustomer" storage="c:\repositories\quickbooks\quickbooks.test\bin\release\quickbooks.test.dll" id="7525db8f-c39b-e3a7-1631-e82aab619fbc">
      <Css projectStructure="" iteration="" />
      <Owners>
        <Owner name="" />
      </Owners>
      <Execution id="55e02d7a-7b38-4045-af3a-3f65ebc30c89" />
      <TestMethod codeBase="C:\Repositories\QuickBooks\QuickBooks.Test\bin\Release\QuickBooks.Test.dll" adapterTypeName="Microsoft.VisualStudio.TestTools.TestTypes.Unit.UnitTestAdapter, Microsoft.VisualStudio.QualityTools.Tips.UnitTest.Adapter, Version=9.0.0.0, Culture=neutral, PublicKeyToken=b03f5f7f11d50a3a" className="QuickBooks.Test.QBRepositoryTest, QuickBooks.Test" name="AddCustomer" />
    </UnitTest>
  </TestDefinitions>
  <TestLists>
    <TestList name="Results Not in a List" id="8c84fa94-04c1-424b-9868-57a2d4851a1d" />
    <TestList name="All Loaded Results" id="19431567-8539-422a-85d7-44ee4e166bda" />
  </TestLists>
  <TestEntries>
    <TestEntry testId="7525db8f-c39b-e3a7-1631-e82aab619fbc" executionId="55e02d7a-7b38-4045-af3a-3f65ebc30c89" testListId="8c84fa94-04c1-424b-9868-57a2d4851a1d" />
  </TestEntries>
  <Results>
    <UnitTestResult executionId="55e02d7a-7b38-4045-af3a-3f65ebc30c89" testId="7525db8f-c39b-e3a7-1631-e82aab619fbc" testName="AddCustomer" computerName="RYAN-PC" duration="00:01:44.6824275" startTime="2010-07-13T20:12:56.3040000-05:00" endTime="2010-07-13T20:14:42.0720000-05:00" testType="13cdc9d9-ddb5-4fa4-a97d-d965ccfc6d4b" outcome="Passed" testListId="8c84fa94-04c1-424b-9868-57a2d4851a1d">
      <Output>
      </Output>
    </UnitTestResult>
  </Results>
</TestRun>