<?xml version="1.0" encoding="UTF-8"?>
<TestRun id="f68aea39-a5fd-4671-b8c9-df8c5443a04b" name="Ryan@RYAN-PC 2010-07-13 21:44:25" runUser="Ryan-PC\Ryan" xmlns="http://microsoft.com/schemas/VisualStudio/TeamTest/2006">
  <TestRunConfiguration name="Local Test Run" id="c2662d0b-84f4-491d-9f5c-5f69d0445cbc">
    <Description>This is a default test run configuration for a local test run.</Description>
    <Deployment runDeploymentRoot="C:\Repositories\QuickBooks\trunk\TestResults\Ryan_RYAN-PC 2010-07-13 21_44_25">
      <DeploymentItem filename="C:\Repositories\QuickBooks\QuickBooks.Test\ThirdParty\Moq.dll" />
      <DeploymentItem filename="C:\Repositories\QuickBooks\trunk\bin\Release\QuickBooks.exe" />
    </Deployment>
    <TestTypeSpecific />
  </TestRunConfiguration>
  <ResultSummary outcome="Failed">
    <Counters total="1" executed="1" error="0" failed="1" timeout="0" aborted="0" inconclusive="0" passedButRunAborted="0" notRunnable="0" notExecuted="0" disconnected="0" warning="0" passed="0" completed="0" inProgress="0" pending="0" />
  </ResultSummary>
  <Times creation="2010-07-13T21:44:25.4060000-05:00" queuing="2010-07-13T21:44:31.1650000-05:00" start="2010-07-13T21:44:31.7130000-05:00" finish="2010-07-13T21:47:01.6270000-05:00" />
  <TestDefinitions>
    <UnitTest name="AddCreditCardsToCustomer" storage="c:\repositories\quickbooks\quickbooks.test\bin\release\quickbooks.test.dll" id="a07dc92e-c4c9-1b65-6a3d-fa3ea163d5ae">
      <Css projectStructure="" iteration="" />
      <Owners>
        <Owner name="" />
      </Owners>
      <Execution id="250fb4ab-fa52-4801-b1c4-67036065181d" />
      <TestMethod codeBase="C:\Repositories\QuickBooks\QuickBooks.Test\bin\Release\QuickBooks.Test.dll" adapterTypeName="Microsoft.VisualStudio.TestTools.TestTypes.Unit.UnitTestAdapter, Microsoft.VisualStudio.QualityTools.Tips.UnitTest.Adapter, Version=9.0.0.0, Culture=neutral, PublicKeyToken=b03f5f7f11d50a3a" className="QuickBooks.Test.QBRepositoryTest, QuickBooks.Test" name="AddCreditCardsToCustomer" />
    </UnitTest>
  </TestDefinitions>
  <TestLists>
    <TestList name="Results Not in a List" id="8c84fa94-04c1-424b-9868-57a2d4851a1d" />
    <TestList name="All Loaded Results" id="19431567-8539-422a-85d7-44ee4e166bda" />
  </TestLists>
  <TestEntries>
    <TestEntry testId="a07dc92e-c4c9-1b65-6a3d-fa3ea163d5ae" executionId="250fb4ab-fa52-4801-b1c4-67036065181d" testListId="8c84fa94-04c1-424b-9868-57a2d4851a1d" />
  </TestEntries>
  <Results>
    <UnitTestResult executionId="250fb4ab-fa52-4801-b1c4-67036065181d" testId="a07dc92e-c4c9-1b65-6a3d-fa3ea163d5ae" testName="AddCreditCardsToCustomer" computerName="RYAN-PC" duration="00:02:28.4486884" startTime="2010-07-13T21:44:31.8440000-05:00" endTime="2010-07-13T21:47:01.4930000-05:00" testType="13cdc9d9-ddb5-4fa4-a97d-d965ccfc6d4b" outcome="Failed" testListId="8c84fa94-04c1-424b-9868-57a2d4851a1d">
      <Output>
        <ErrorInfo>
          <Message>Assert.IsTrue failed. </Message>
          <StackTrace>   at QuickBooks.Test.QBRepositoryTest.AddCreditCardsToCustomer() in C:\Repositories\QuickBooks\QuickBooks.Test\QBRepositoryTests.cs:line 158
</StackTrace>
        </ErrorInfo>
      </Output>
    </UnitTestResult>
  </Results>
</TestRun>